# JRE version: OpenJDK Runtime Environment Temurin-17.0.3+7 (17.0.3+7) (build 17.0.3+7)
# Java VM: OpenJDK 64-Bit Server VM Temurin-17.0.3+7 (17.0.3+7, mixed mode, tiered, compressed oops, compressed class ptrs, parallel gc, windows-amd64)
GC Precious Log:
 CPUs: 2 total, 2 available
 Memory: 3982M
 Large Page Support: Disabled
 NUMA Support: Disabled
 Compressed Oops: Enabled (32-bit)
 Alignments: Space 512K, Generation 512K, Heap 2M
 Heap Min Capacity: 100M
 Heap Initial Capacity: 100M
 Heap Max Capacity: 1G
 Pre-touch: Disabled
 Parallel Workers: 2
Heap:
 PSYoungGen      total 4608K, used 1433K [0x00000000eab00000, 0x00000000eb080000, 0x0000000100000000)
  eden space 4096K, 25% used [0x00000000eab00000,0x00000000eac06498,0x00000000eaf00000)
  from space 512K, 75% used [0x00000000eb000000,0x00000000eb060000,0x00000000eb080000)
  to   space 512K, 0% used [0x00000000eaf80000,0x00000000eaf80000,0x00000000eb000000)
 ParOldGen       total 221184K, used 174425K [0x00000000c0000000, 0x00000000cd800000, 0x00000000eab00000)
  object space 221184K, 78% used [0x00000000c0000000,0x00000000caa567b8,0x00000000cd800000)
 Metaspace       used 89950K, committed 90880K, reserved 1138688K
  class space    used 8596K, committed 9024K, reserved 1048576K
GC Heap History (20 events):
Event: 15080.051 GC heap before
{Heap before GC invocations=39903 (full 666):
 PSYoungGen      total 3584K, used 3584K [0x00000000eab00000, 0x00000000eb000000, 0x0000000100000000)
  eden space 3072K, 100% used [0x00000000eab00000,0x00000000eae00000,0x00000000eae00000)
  from space 512K, 100% used [0x00000000eaf80000,0x00000000eb000000,0x00000000eb000000)
  to   space 1024K, 0% used [0x00000000eae00000,0x00000000eae00000,0x00000000eaf00000)
 ParOldGen       total 221184K, used 170484K [0x00000000c0000000, 0x00000000cd800000, 0x00000000eab00000)
  object space 221184K, 77% used [0x00000000c0000000,0x00000000ca67d188,0x00000000cd800000)
 Metaspace       used 89949K, committed 90880K, reserved 1138688K
  class space    used 8596K, committed 9024K, reserved 1048576K
}
Event: 15080.055 GC heap after
{Heap after GC invocations=39903 (full 666):
 PSYoungGen      total 4096K, used 224K [0x00000000eab00000, 0x00000000eb000000, 0x0000000100000000)
  eden space 3072K, 0% used [0x00000000eab00000,0x00000000eab00000,0x00000000eae00000)
  from space 1024K, 21% used [0x00000000eae00000,0x00000000eae38000,0x00000000eaf00000)
  to   space 512K, 0% used [0x00000000eaf80000,0x00000000eaf80000,0x00000000eb000000)
 ParOldGen       total 221184K, used 170941K [0x00000000c0000000, 0x00000000cd800000, 0x00000000eab00000)
  object space 221184K, 77% used [0x00000000c0000000,0x00000000ca6ef748,0x00000000cd800000)
 Metaspace       used 89949K, committed 90880K, reserved 1138688K
  class space    used 8596K, committed 9024K, reserved 1048576K
}
Event: 15080.081 GC heap before
{Heap before GC invocations=39904 (full 666):
 PSYoungGen      total 4096K, used 3296K [0x00000000eab00000, 0x00000000eb000000, 0x0000000100000000)
  eden space 3072K, 100% used [0x00000000eab00000,0x00000000eae00000,0x00000000eae00000)
  from space 1024K, 21% used [0x00000000eae00000,0x00000000eae38000,0x00000000eaf00000)
  to   space 512K, 0% used [0x00000000eaf80000,0x00000000eaf80000,0x00000000eb000000)
 ParOldGen       total 221184K, used 170941K [0x00000000c0000000, 0x00000000cd800000, 0x00000000eab00000)
  object space 221184K, 77% used [0x00000000c0000000,0x00000000ca6ef748,0x00000000cd800000)
 Metaspace       used 89950K, committed 90880K, reserved 1138688K
  class space    used 8596K, committed 9024K, reserved 1048576K
}
Event: 15080.086 GC heap after
{Heap after GC invocations=39904 (full 666):
 PSYoungGen      total 4096K, used 512K [0x00000000eab00000, 0x00000000eb100000, 0x0000000100000000)
  eden space 3584K, 0% used [0x00000000eab00000,0x00000000eab00000,0x00000000eae80000)
  from space 512K, 100% used [0x00000000eaf80000,0x00000000eb000000,0x00000000eb000000)
  to   space 1024K, 0% used [0x00000000eae80000,0x00000000eae80000,0x00000000eaf80000)
 ParOldGen       total 221184K, used 171141K [0x00000000c0000000, 0x00000000cd800000, 0x00000000eab00000)
  object space 221184K, 77% used [0x00000000c0000000,0x00000000ca721768,0x00000000cd800000)
 Metaspace       used 89950K, committed 90880K, reserved 1138688K
  class space    used 8596K, committed 9024K, reserved 1048576K
}
Event: 15080.119 GC heap before
{Heap before GC invocations=39905 (full 666):
 PSYoungGen      total 4096K, used 4096K [0x00000000eab00000, 0x00000000eb100000, 0x0000000100000000)
  eden space 3584K, 100% used [0x00000000eab00000,0x00000000eae80000,0x00000000eae80000)
  from space 512K, 100% used [0x00000000eaf80000,0x00000000eb000000,0x00000000eb000000)
  to   space 1024K, 0% used [0x00000000eae80000,0x00000000eae80000,0x00000000eaf80000)
 ParOldGen       total 221184K, used 171141K [0x00000000c0000000, 0x00000000cd800000, 0x00000000eab00000)
  object space 221184K, 77% used [0x00000000c0000000,0x00000000ca721768,0x00000000cd800000)
 Metaspace       used 89950K, committed 90880K, reserved 1138688K
  class space    used 8596K, committed 9024K, reserved 1048576K
}
Event: 15080.127 GC heap after
{Heap after GC invocations=39905 (full 666):
 PSYoungGen      total 4608K, used 896K [0x00000000eab00000, 0x00000000eb180000, 0x0000000100000000)
  eden space 3584K, 0% used [0x00000000eab00000,0x00000000eab00000,0x00000000eae80000)
  from space 1024K, 87% used [0x00000000eae80000,0x00000000eaf60000,0x00000000eaf80000)
  to   space 1024K, 0% used [0x00000000eb080000,0x00000000eb080000,0x00000000eb180000)
 ParOldGen       total 221184K, used 171658K [0x00000000c0000000, 0x00000000cd800000, 0x00000000eab00000)
  object space 221184K, 77% used [0x00000000c0000000,0x00000000ca7a2be8,0x00000000cd800000)
 Metaspace       used 89950K, committed 90880K, reserved 1138688K
  class space    used 8596K, committed 9024K, reserved 1048576K
}
Event: 15080.144 GC heap before
{Heap before GC invocations=39906 (full 666):
 PSYoungGen      total 4608K, used 4480K [0x00000000eab00000, 0x00000000eb180000, 0x0000000100000000)
  eden space 3584K, 100% used [0x00000000eab00000,0x00000000eae80000,0x00000000eae80000)
  from space 1024K, 87% used [0x00000000eae80000,0x00000000eaf60000,0x00000000eaf80000)
  to   space 1024K, 0% used [0x00000000eb080000,0x00000000eb080000,0x00000000eb180000)
 ParOldGen       total 221184K, used 171658K [0x00000000c0000000, 0x00000000cd800000, 0x00000000eab00000)
  object space 221184K, 77% used [0x00000000c0000000,0x00000000ca7a2be8,0x00000000cd800000)
 Metaspace       used 89950K, committed 90880K, reserved 1138688K
  class space    used 8596K, committed 9024K, reserved 1048576K
}
Event: 15080.151 GC heap after
{Heap after GC invocations=39906 (full 666):
 PSYoungGen      total 5120K, used 1024K [0x00000000eab00000, 0x00000000eb280000, 0x0000000100000000)
  eden space 4096K, 0% used [0x00000000eab00000,0x00000000eab00000,0x00000000eaf00000)
  from space 1024K, 100% used [0x00000000eb080000,0x00000000eb180000,0x00000000eb180000)
  to   space 1536K, 0% used [0x00000000eaf00000,0x00000000eaf00000,0x00000000eb080000)
 ParOldGen       total 221184K, used 171939K [0x00000000c0000000, 0x00000000cd800000, 0x00000000eab00000)
  object space 221184K, 77% used [0x00000000c0000000,0x00000000ca7e8c08,0x00000000cd800000)
 Metaspace       used 89950K, committed 90880K, reserved 1138688K
  class space    used 8596K, committed 9024K, reserved 1048576K
}
Event: 15080.202 GC heap before
{Heap before GC invocations=39907 (full 666):
 PSYoungGen      total 5120K, used 5120K [0x00000000eab00000, 0x00000000eb280000, 0x0000000100000000)
  eden space 4096K, 100% used [0x00000000eab00000,0x00000000eaf00000,0x00000000eaf00000)
  from space 1024K, 100% used [0x00000000eb080000,0x00000000eb180000,0x00000000eb180000)
  to   space 1536K, 0% used [0x00000000eaf00000,0x00000000eaf00000,0x00000000eb080000)
 ParOldGen       total 221184K, used 171939K [0x00000000c0000000, 0x00000000cd800000, 0x00000000eab00000)
  object space 221184K, 77% used [0x00000000c0000000,0x00000000ca7e8c08,0x00000000cd800000)
 Metaspace       used 89950K, committed 90880K, reserved 1138688K
  class space    used 8596K, committed 9024K, reserved 1048576K
}
Event: 15080.207 GC heap after
{Heap after GC invocations=39907 (full 666):
 PSYoungGen      total 5632K, used 64K [0x00000000eab00000, 0x00000000eb200000, 0x0000000100000000)
  eden space 4096K, 0% used [0x00000000eab00000,0x00000000eab00000,0x00000000eaf00000)
  from space 1536K, 4% used [0x00000000eaf00000,0x00000000eaf10000,0x00000000eb080000)
  to   space 1024K, 0% used [0x00000000eb100000,0x00000000eb100000,0x00000000eb200000)
 ParOldGen       total 221184K, used 172947K [0x00000000c0000000, 0x00000000cd800000, 0x00000000eab00000)
  object space 221184K, 78% used [0x00000000c0000000,0x00000000ca8e4c08,0x00000000cd800000)
 Metaspace       used 89950K, committed 90880K, reserved 1138688K
  class space    used 8596K, committed 9024K, reserved 1048576K
}
Event: 15080.301 GC heap before
{Heap before GC invocations=39908 (full 666):
 PSYoungGen      total 5632K, used 4160K [0x00000000eab00000, 0x00000000eb200000, 0x0000000100000000)
  eden space 4096K, 100% used [0x00000000eab00000,0x00000000eaf00000,0x00000000eaf00000)
  from space 1536K, 4% used [0x00000000eaf00000,0x00000000eaf10000,0x00000000eb080000)
  to   space 1024K, 0% used [0x00000000eb100000,0x00000000eb100000,0x00000000eb200000)
 ParOldGen       total 221184K, used 172947K [0x00000000c0000000, 0x00000000cd800000, 0x00000000eab00000)
  object space 221184K, 78% used [0x00000000c0000000,0x00000000ca8e4c08,0x00000000cd800000)
 Metaspace       used 89950K, committed 90880K, reserved 1138688K
  class space    used 8596K, committed 9024K, reserved 1048576K
}
Event: 15080.304 GC heap after
{Heap after GC invocations=39908 (full 666):
 PSYoungGen      total 4608K, used 432K [0x00000000eab00000, 0x00000000eb180000, 0x0000000100000000)
  eden space 4096K, 0% used [0x00000000eab00000,0x00000000eab00000,0x00000000eaf00000)
  from space 512K, 84% used [0x00000000eb100000,0x00000000eb16c010,0x00000000eb180000)
  to   space 512K, 0% used [0x00000000eb080000,0x00000000eb080000,0x00000000eb100000)
 ParOldGen       total 221184K, used 172963K [0x00000000c0000000, 0x00000000cd800000, 0x00000000eab00000)
  object space 221184K, 78% used [0x00000000c0000000,0x00000000ca8e8c08,0x00000000cd800000)
 Metaspace       used 89950K, committed 90880K, reserved 1138688K
  class space    used 8596K, committed 9024K, reserved 1048576K
}
Event: 15080.398 GC heap before
{Heap before GC invocations=39909 (full 666):
 PSYoungGen      total 4608K, used 4528K [0x00000000eab00000, 0x00000000eb180000, 0x0000000100000000)
  eden space 4096K, 100% used [0x00000000eab00000,0x00000000eaf00000,0x00000000eaf00000)
  from space 512K, 84% used [0x00000000eb100000,0x00000000eb16c010,0x00000000eb180000)
  to   space 512K, 0% used [0x00000000eb080000,0x00000000eb080000,0x00000000eb100000)
 ParOldGen       total 221184K, used 172963K [0x00000000c0000000, 0x00000000cd800000, 0x00000000eab00000)
  object space 221184K, 78% used [0x00000000c0000000,0x00000000ca8e8c08,0x00000000cd800000)
 Metaspace       used 89950K, committed 90880K, reserved 1138688K
  class space    used 8596K, committed 9024K, reserved 1048576K
}
Event: 15080.402 GC heap after
{Heap after GC invocations=39909 (full 666):
 PSYoungGen      total 4608K, used 496K [0x00000000eab00000, 0x00000000eb180000, 0x0000000100000000)
  eden space 4096K, 0% used [0x00000000eab00000,0x00000000eab00000,0x00000000eaf00000)
  from space 512K, 96% used [0x00000000eb080000,0x00000000eb0fc010,0x00000000eb100000)
  to   space 512K, 0% used [0x00000000eb100000,0x00000000eb100000,0x00000000eb180000)
 ParOldGen       total 221184K, used 173091K [0x00000000c0000000, 0x00000000cd800000, 0x00000000eab00000)
  object space 221184K, 78% used [0x00000000c0000000,0x00000000ca908c08,0x00000000cd800000)
 Metaspace       used 89950K, committed 90880K, reserved 1138688K
  class space    used 8596K, committed 9024K, reserved 1048576K
}
Event: 15080.488 GC heap before
{Heap before GC invocations=39910 (full 666):
 PSYoungGen      total 4608K, used 4592K [0x00000000eab00000, 0x00000000eb180000, 0x0000000100000000)
  eden space 4096K, 100% used [0x00000000eab00000,0x00000000eaf00000,0x00000000eaf00000)
  from space 512K, 96% used [0x00000000eb080000,0x00000000eb0fc010,0x00000000eb100000)
  to   space 512K, 0% used [0x00000000eb100000,0x00000000eb100000,0x00000000eb180000)
 ParOldGen       total 221184K, used 173091K [0x00000000c0000000, 0x00000000cd800000, 0x00000000eab00000)
  object space 221184K, 78% used [0x00000000c0000000,0x00000000ca908c08,0x00000000cd800000)
 Metaspace       used 89950K, committed 90880K, reserved 1138688K
  class space    used 8596K, committed 9024K, reserved 1048576K
}
Event: 15080.493 GC heap after
{Heap after GC invocations=39910 (full 666):
 PSYoungGen      total 4608K, used 512K [0x00000000eab00000, 0x00000000eb200000, 0x0000000100000000)
  eden space 4096K, 0% used [0x00000000eab00000,0x00000000eab00000,0x00000000eaf00000)
  from space 512K, 100% used [0x00000000eb100000,0x00000000eb180000,0x00000000eb180000)
  to   space 1536K, 0% used [0x00000000eaf00000,0x00000000eaf00000,0x00000000eb080000)
 ParOldGen       total 221184K, used 173803K [0x00000000c0000000, 0x00000000cd800000, 0x00000000eab00000)
  object space 221184K, 78% used [0x00000000c0000000,0x00000000ca9bac28,0x00000000cd800000)
 Metaspace       used 89950K, committed 90880K, reserved 1138688K
  class space    used 8596K, committed 9024K, reserved 1048576K
}
Event: 15080.622 GC heap before
{Heap before GC invocations=39911 (full 666):
 PSYoungGen      total 4608K, used 4608K [0x00000000eab00000, 0x00000000eb200000, 0x0000000100000000)
  eden space 4096K, 100% used [0x00000000eab00000,0x00000000eaf00000,0x00000000eaf00000)
  from space 512K, 100% used [0x00000000eb100000,0x00000000eb180000,0x00000000eb180000)
  to   space 1536K, 0% used [0x00000000eaf00000,0x00000000eaf00000,0x00000000eb080000)
 ParOldGen       total 221184K, used 173803K [0x00000000c0000000, 0x00000000cd800000, 0x00000000eab00000)
  object space 221184K, 78% used [0x00000000c0000000,0x00000000ca9bac28,0x00000000cd800000)
 Metaspace       used 89950K, committed 90880K, reserved 1138688K
  class space    used 8596K, committed 9024K, reserved 1048576K
}
Event: 15080.627 GC heap after
{Heap after GC invocations=39911 (full 666):
 PSYoungGen      total 5632K, used 448K [0x00000000eab00000, 0x00000000eb180000, 0x0000000100000000)
  eden space 4096K, 0% used [0x00000000eab00000,0x00000000eab00000,0x00000000eaf00000)
  from space 1536K, 29% used [0x00000000eaf00000,0x00000000eaf70000,0x00000000eb080000)
  to   space 1024K, 0% used [0x00000000eb080000,0x00000000eb080000,0x00000000eb180000)
 ParOldGen       total 221184K, used 174323K [0x00000000c0000000, 0x00000000cd800000, 0x00000000eab00000)
  object space 221184K, 78% used [0x00000000c0000000,0x00000000caa3cf18,0x00000000cd800000)
 Metaspace       used 89950K, committed 90880K, reserved 1138688K
  class space    used 8596K, committed 9024K, reserved 1048576K
}
Event: 15080.800 GC heap before
{Heap before GC invocations=39912 (full 666):
 PSYoungGen      total 5632K, used 4544K [0x00000000eab00000, 0x00000000eb180000, 0x0000000100000000)
  eden space 4096K, 100% used [0x00000000eab00000,0x00000000eaf00000,0x00000000eaf00000)
  from space 1536K, 29% used [0x00000000eaf00000,0x00000000eaf70000,0x00000000eb080000)
  to   space 1024K, 0% used [0x00000000eb080000,0x00000000eb080000,0x00000000eb180000)
 ParOldGen       total 221184K, used 174323K [0x00000000c0000000, 0x00000000cd800000, 0x00000000eab00000)
  object space 221184K, 78% used [0x00000000c0000000,0x00000000caa3cf18,0x00000000cd800000)
 Metaspace       used 89950K, committed 90880K, reserved 1138688K
  class space    used 8596K, committed 9024K, reserved 1048576K
}
Event: 15080.805 GC heap after
{Heap after GC invocations=39912 (full 666):
 PSYoungGen      total 5120K, used 624K [0x00000000eab00000, 0x00000000eb180000, 0x0000000100000000)
  eden space 4096K, 0% used [0x00000000eab00000,0x00000000eab00000,0x00000000eaf00000)
  from space 1024K, 60% used [0x00000000eb080000,0x00000000eb11c010,0x00000000eb180000)
  to   space 1024K, 0% used [0x00000000eaf80000,0x00000000eaf80000,0x00000000eb080000)
 ParOldGen       total 221184K, used 174409K [0x00000000c0000000, 0x00000000cd800000, 0x00000000eab00000)
  object space 221184K, 78% used [0x00000000c0000000,0x00000000caa527b8,0x00000000cd800000)
 Metaspace       used 89950K, committed 90880K, reserved 1138688K
  class space    used 8596K, committed 9024K, reserved 1048576K
}

